[
  {
    "message": "409 - [object Object] - /auth/signup - POST - ::ffff:127.0.0.1",
    "level": "error"
  },
  {
    "message": "::ffff:127.0.0.1 - - [03/Jun/2021:21:14:43 +0000] \"POST /auth/signup HTTP/1.1\" 409 164 \"-\" \"vscode-restclient\"\n",
    "level": "info"
  },
  {
    "message": "409 - {\"success\":false,\"error\":{\"status\":\"409\",\"code\":\"1000\",\"elements\":[{\"location\":\"body\",\"msg\":\"yamen.shama97@gmail.com is already been registered\",\"param\":\"email\"}]}} - /auth/signup - POST - ::ffff:127.0.0.1",
    "level": "error"
  },
  {
    "message": "::ffff:127.0.0.1 - - [03/Jun/2021:21:18:40 +0000] \"POST /auth/signup HTTP/1.1\" 409 164 \"-\" \"vscode-restclient\"\n",
    "level": "info"
  },
  {
    "message": "POST - /auth/signup - ::ffff:127.0.0.1 - {\"success\":false,\"error\":{\"status\":\"409\",\"code\":\"1000\",\"elements\":[{\"location\":\"body\",\"msg\":\"yamen.shama97@gmail.com is already been registered\",\"param\":\"email\"}]}} ",
    "level": "error"
  },
  {
    "message": "::ffff:127.0.0.1 - - [03/Jun/2021:21:22:05 +0000] \"POST /auth/signup HTTP/1.1\" 409 164 \"-\" \"vscode-restclient\"\n",
    "level": "info"
  },
  {
    "message": "POST - /auth/signup - ::ffff:127.0.0.1 - [object Object] ",
    "level": "error"
  },
  {
    "message": "::ffff:127.0.0.1 - - [03/Jun/2021:21:30:48 +0000] \"POST /auth/signup HTTP/1.1\" 409 164 \"-\" \"vscode-restclient\"\n",
    "level": "info"
  }
]
{"message":"POST - /auth/check-verify-code - ::ffff:127.0.0.1 - {\"success\":false,\"error\":{\"status\":\"404\",\"code\":\"1001\",\"elements\":[{\"location\":\"body\",\"msg\":\"User not registered\",\"param\":\"email\"}]}} ","level":"error"}
{"message":"::ffff:127.0.0.1 - - [03/Jun/2021:21:36:21 +0000] \"POST /auth/check-verify-code HTTP/1.1\" 404 133 \"-\" \"vscode-restclient\"\n","level":"info"}
{"message":"POST - /auth/login - ::ffff:127.0.0.1 - {\"success\":false,\"error\":{\"status\":\"403\",\"code\":\"1011\",\"elements\":[{\"location\":\"User.Model\",\"msg\":\"Error in compare password\",\"param\":\"body\"}]}} ","level":"error"}
{"message":"::ffff:127.0.0.1 - - [03/Jun/2021:21:36:47 +0000] \"POST /auth/login HTTP/1.1\" 403 144 \"-\" \"vscode-restclient\"\n","level":"info"}
{"message":"POST - /auth/login - ::ffff:127.0.0.1 - {\"success\":false,\"error\":{\"status\":\"403\",\"code\":\"1006\",\"elements\":[{\"location\":\"body\",\"msg\":\"Email/Password not valid\",\"param\":\"password\"}]}} ","level":"error"}
{"message":"::ffff:127.0.0.1 - - [03/Jun/2021:21:37:03 +0000] \"POST /auth/login HTTP/1.1\" 403 141 \"-\" \"vscode-restclient\"\n","level":"info"}
{"message":"GET - /auth/login - ::1 - {\"success\":false,\"error\":{\"status\":\"404\",\"code\":\"12000\",\"elements\":[{\"location\":\"app (root application)\",\"msg\":\"This Link does not found\",\"param\":\"params\"}]}} ","level":"error"}
{"message":"::1 - - [03/Jun/2021:21:39:20 +0000] \"GET /auth/login HTTP/1.1\" 404 158 \"-\" \"Mozilla/5.0 (Windows NT 10.0; Win64; x64) AppleWebKit/537.36 (KHTML, like Gecko) Chrome/90.0.4430.212 Safari/537.36\"\n","level":"info"}
{"message":"POST - /auth/login - ::ffff:127.0.0.1 - {\"success\":false,\"error\":{\"status\":\"403\",\"code\":\"1006\",\"elements\":[{\"location\":\"body\",\"msg\":\"Email/Password not valid\",\"param\":\"password\"}]}} ","level":"error"}
{"message":"::ffff:127.0.0.1 - - [03/Jun/2021:21:39:36 +0000] \"POST /auth/login HTTP/1.1\" 403 141 \"-\" \"vscode-restclient\"\n","level":"info"}
{"message":"::ffff:127.0.0.1 - - [03/Jun/2021:21:39:51 +0000] \"POST /auth/signup HTTP/1.1\" 200 590 \"-\" \"vscode-restclient\"\n","level":"info"}
{"error":{},"level":"error","message":"uncaughtException: Unexpected token '.'\nF:\\GradProject\\impl\\MyProject\\graduation_project\\server\\Validation\\User.Validation.js:55\n      res.status(400).send({\n         ^\n\nSyntaxError: Unexpected token '.'\n    at wrapSafe (internal/modules/cjs/loader.js:979:16)\n    at Module._compile (internal/modules/cjs/loader.js:1027:27)\n    at Object.Module._extensions..js (internal/modules/cjs/loader.js:1092:10)\n    at Module.load (internal/modules/cjs/loader.js:928:32)\n    at Function.Module._load (internal/modules/cjs/loader.js:769:14)\n    at Module.require (internal/modules/cjs/loader.js:952:19)\n    at require (internal/modules/cjs/helpers.js:88:18)\n    at Object.<anonymous> (F:\\GradProject\\impl\\MyProject\\graduation_project\\server\\Routes\\Authentication.Route.js:8:37)\n    at Module._compile (internal/modules/cjs/loader.js:1063:30)\n    at Object.Module._extensions..js (internal/modules/cjs/loader.js:1092:10)\n    at Module.load (internal/modules/cjs/loader.js:928:32)\n    at Function.Module._load (internal/modules/cjs/loader.js:769:14)\n    at Module.require (internal/modules/cjs/loader.js:952:19)\n    at require (internal/modules/cjs/helpers.js:88:18)\n    at Object.<anonymous> (F:\\GradProject\\impl\\MyProject\\graduation_project\\server\\app.js:11:29)\n    at Module._compile (internal/modules/cjs/loader.js:1063:30)","stack":"F:\\GradProject\\impl\\MyProject\\graduation_project\\server\\Validation\\User.Validation.js:55\n      res.status(400).send({\n         ^\n\nSyntaxError: Unexpected token '.'\n    at wrapSafe (internal/modules/cjs/loader.js:979:16)\n    at Module._compile (internal/modules/cjs/loader.js:1027:27)\n    at Object.Module._extensions..js (internal/modules/cjs/loader.js:1092:10)\n    at Module.load (internal/modules/cjs/loader.js:928:32)\n    at Function.Module._load (internal/modules/cjs/loader.js:769:14)\n    at Module.require (internal/modules/cjs/loader.js:952:19)\n    at require (internal/modules/cjs/helpers.js:88:18)\n    at Object.<anonymous> (F:\\GradProject\\impl\\MyProject\\graduation_project\\server\\Routes\\Authentication.Route.js:8:37)\n    at Module._compile (internal/modules/cjs/loader.js:1063:30)\n    at Object.Module._extensions..js (internal/modules/cjs/loader.js:1092:10)\n    at Module.load (internal/modules/cjs/loader.js:928:32)\n    at Function.Module._load (internal/modules/cjs/loader.js:769:14)\n    at Module.require (internal/modules/cjs/loader.js:952:19)\n    at require (internal/modules/cjs/helpers.js:88:18)\n    at Object.<anonymous> (F:\\GradProject\\impl\\MyProject\\graduation_project\\server\\app.js:11:29)\n    at Module._compile (internal/modules/cjs/loader.js:1063:30)","exception":true,"date":"Fri Jun 04 2021 00:43:35 GMT+0300 (Eastern European Summer Time)","process":{"pid":10596,"uid":null,"gid":null,"cwd":"F:\\GradProject\\impl\\MyProject\\graduation_project\\server","execPath":"C:\\Program Files\\nodejs\\node.exe","version":"v14.15.1","argv":["C:\\Program Files\\nodejs\\node.exe","F:\\GradProject\\impl\\MyProject\\graduation_project\\server\\app.js"],"memoryUsage":{"rss":63475712,"heapTotal":36261888,"heapUsed":25333944,"external":20686154,"arrayBuffers":19105775}},"os":{"loadavg":[0,0,0],"uptime":1545794},"trace":[{"column":16,"file":"internal/modules/cjs/loader.js","function":"wrapSafe","line":979,"method":null,"native":false},{"column":27,"file":"internal/modules/cjs/loader.js","function":"Module._compile","line":1027,"method":"_compile","native":false},{"column":10,"file":"internal/modules/cjs/loader.js","function":"Module._extensions..js","line":1092,"method":".js","native":false},{"column":32,"file":"internal/modules/cjs/loader.js","function":"Module.load","line":928,"method":"load","native":false},{"column":14,"file":"internal/modules/cjs/loader.js","function":"Module._load","line":769,"method":"_load","native":false},{"column":19,"file":"internal/modules/cjs/loader.js","function":"Module.require","line":952,"method":"require","native":false},{"column":18,"file":"internal/modules/cjs/helpers.js","function":"require","line":88,"method":null,"native":false},{"column":37,"file":"F:\\GradProject\\impl\\MyProject\\graduation_project\\server\\Routes\\Authentication.Route.js","function":null,"line":8,"method":null,"native":false},{"column":30,"file":"internal/modules/cjs/loader.js","function":"Module._compile","line":1063,"method":"_compile","native":false},{"column":10,"file":"internal/modules/cjs/loader.js","function":"Module._extensions..js","line":1092,"method":".js","native":false},{"column":32,"file":"internal/modules/cjs/loader.js","function":"Module.load","line":928,"method":"load","native":false},{"column":14,"file":"internal/modules/cjs/loader.js","function":"Module._load","line":769,"method":"_load","native":false},{"column":19,"file":"internal/modules/cjs/loader.js","function":"Module.require","line":952,"method":"require","native":false},{"column":18,"file":"internal/modules/cjs/helpers.js","function":"require","line":88,"method":null,"native":false},{"column":29,"file":"F:\\GradProject\\impl\\MyProject\\graduation_project\\server\\app.js","function":null,"line":11,"method":null,"native":false},{"column":30,"file":"internal/modules/cjs/loader.js","function":"Module._compile","line":1063,"method":"_compile","native":false}]}
{"error":{},"level":"error","message":"uncaughtException: missing ) after argument list\nF:\\GradProject\\impl\\MyProject\\graduation_project\\server\\Validation\\User.Validation.js:63\n    } catch (error) {\n    ^\n\nSyntaxError: missing ) after argument list\n    at wrapSafe (internal/modules/cjs/loader.js:979:16)\n    at Module._compile (internal/modules/cjs/loader.js:1027:27)\n    at Object.Module._extensions..js (internal/modules/cjs/loader.js:1092:10)\n    at Module.load (internal/modules/cjs/loader.js:928:32)\n    at Function.Module._load (internal/modules/cjs/loader.js:769:14)\n    at Module.require (internal/modules/cjs/loader.js:952:19)\n    at require (internal/modules/cjs/helpers.js:88:18)\n    at Object.<anonymous> (F:\\GradProject\\impl\\MyProject\\graduation_project\\server\\Routes\\Authentication.Route.js:8:37)\n    at Module._compile (internal/modules/cjs/loader.js:1063:30)\n    at Object.Module._extensions..js (internal/modules/cjs/loader.js:1092:10)\n    at Module.load (internal/modules/cjs/loader.js:928:32)\n    at Function.Module._load (internal/modules/cjs/loader.js:769:14)\n    at Module.require (internal/modules/cjs/loader.js:952:19)\n    at require (internal/modules/cjs/helpers.js:88:18)\n    at Object.<anonymous> (F:\\GradProject\\impl\\MyProject\\graduation_project\\server\\app.js:11:29)\n    at Module._compile (internal/modules/cjs/loader.js:1063:30)","stack":"F:\\GradProject\\impl\\MyProject\\graduation_project\\server\\Validation\\User.Validation.js:63\n    } catch (error) {\n    ^\n\nSyntaxError: missing ) after argument list\n    at wrapSafe (internal/modules/cjs/loader.js:979:16)\n    at Module._compile (internal/modules/cjs/loader.js:1027:27)\n    at Object.Module._extensions..js (internal/modules/cjs/loader.js:1092:10)\n    at Module.load (internal/modules/cjs/loader.js:928:32)\n    at Function.Module._load (internal/modules/cjs/loader.js:769:14)\n    at Module.require (internal/modules/cjs/loader.js:952:19)\n    at require (internal/modules/cjs/helpers.js:88:18)\n    at Object.<anonymous> (F:\\GradProject\\impl\\MyProject\\graduation_project\\server\\Routes\\Authentication.Route.js:8:37)\n    at Module._compile (internal/modules/cjs/loader.js:1063:30)\n    at Object.Module._extensions..js (internal/modules/cjs/loader.js:1092:10)\n    at Module.load (internal/modules/cjs/loader.js:928:32)\n    at Function.Module._load (internal/modules/cjs/loader.js:769:14)\n    at Module.require (internal/modules/cjs/loader.js:952:19)\n    at require (internal/modules/cjs/helpers.js:88:18)\n    at Object.<anonymous> (F:\\GradProject\\impl\\MyProject\\graduation_project\\server\\app.js:11:29)\n    at Module._compile (internal/modules/cjs/loader.js:1063:30)","exception":true,"date":"Fri Jun 04 2021 00:43:55 GMT+0300 (Eastern European Summer Time)","process":{"pid":8532,"uid":null,"gid":null,"cwd":"F:\\GradProject\\impl\\MyProject\\graduation_project\\server","execPath":"C:\\Program Files\\nodejs\\node.exe","version":"v14.15.1","argv":["C:\\Program Files\\nodejs\\node.exe","F:\\GradProject\\impl\\MyProject\\graduation_project\\server\\app.js"],"memoryUsage":{"rss":63799296,"heapTotal":36524032,"heapUsed":25629592,"external":20686154,"arrayBuffers":19105775}},"os":{"loadavg":[0,0,0],"uptime":1545814},"trace":[{"column":16,"file":"internal/modules/cjs/loader.js","function":"wrapSafe","line":979,"method":null,"native":false},{"column":27,"file":"internal/modules/cjs/loader.js","function":"Module._compile","line":1027,"method":"_compile","native":false},{"column":10,"file":"internal/modules/cjs/loader.js","function":"Module._extensions..js","line":1092,"method":".js","native":false},{"column":32,"file":"internal/modules/cjs/loader.js","function":"Module.load","line":928,"method":"load","native":false},{"column":14,"file":"internal/modules/cjs/loader.js","function":"Module._load","line":769,"method":"_load","native":false},{"column":19,"file":"internal/modules/cjs/loader.js","function":"Module.require","line":952,"method":"require","native":false},{"column":18,"file":"internal/modules/cjs/helpers.js","function":"require","line":88,"method":null,"native":false},{"column":37,"file":"F:\\GradProject\\impl\\MyProject\\graduation_project\\server\\Routes\\Authentication.Route.js","function":null,"line":8,"method":null,"native":false},{"column":30,"file":"internal/modules/cjs/loader.js","function":"Module._compile","line":1063,"method":"_compile","native":false},{"column":10,"file":"internal/modules/cjs/loader.js","function":"Module._extensions..js","line":1092,"method":".js","native":false},{"column":32,"file":"internal/modules/cjs/loader.js","function":"Module.load","line":928,"method":"load","native":false},{"column":14,"file":"internal/modules/cjs/loader.js","function":"Module._load","line":769,"method":"_load","native":false},{"column":19,"file":"internal/modules/cjs/loader.js","function":"Module.require","line":952,"method":"require","native":false},{"column":18,"file":"internal/modules/cjs/helpers.js","function":"require","line":88,"method":null,"native":false},{"column":29,"file":"F:\\GradProject\\impl\\MyProject\\graduation_project\\server\\app.js","function":null,"line":11,"method":null,"native":false},{"column":30,"file":"internal/modules/cjs/loader.js","function":"Module._compile","line":1063,"method":"_compile","native":false}]}
{"error":{},"level":"error","message":"uncaughtException: missing ) after argument list\nF:\\GradProject\\impl\\MyProject\\graduation_project\\server\\Validation\\User.Validation.js:66\n    } catch (error) {\n    ^\n\nSyntaxError: missing ) after argument list\n    at wrapSafe (internal/modules/cjs/loader.js:979:16)\n    at Module._compile (internal/modules/cjs/loader.js:1027:27)\n    at Object.Module._extensions..js (internal/modules/cjs/loader.js:1092:10)\n    at Module.load (internal/modules/cjs/loader.js:928:32)\n    at Function.Module._load (internal/modules/cjs/loader.js:769:14)\n    at Module.require (internal/modules/cjs/loader.js:952:19)\n    at require (internal/modules/cjs/helpers.js:88:18)\n    at Object.<anonymous> (F:\\GradProject\\impl\\MyProject\\graduation_project\\server\\Routes\\Authentication.Route.js:8:37)\n    at Module._compile (internal/modules/cjs/loader.js:1063:30)\n    at Object.Module._extensions..js (internal/modules/cjs/loader.js:1092:10)\n    at Module.load (internal/modules/cjs/loader.js:928:32)\n    at Function.Module._load (internal/modules/cjs/loader.js:769:14)\n    at Module.require (internal/modules/cjs/loader.js:952:19)\n    at require (internal/modules/cjs/helpers.js:88:18)\n    at Object.<anonymous> (F:\\GradProject\\impl\\MyProject\\graduation_project\\server\\app.js:11:29)\n    at Module._compile (internal/modules/cjs/loader.js:1063:30)","stack":"F:\\GradProject\\impl\\MyProject\\graduation_project\\server\\Validation\\User.Validation.js:66\n    } catch (error) {\n    ^\n\nSyntaxError: missing ) after argument list\n    at wrapSafe (internal/modules/cjs/loader.js:979:16)\n    at Module._compile (internal/modules/cjs/loader.js:1027:27)\n    at Object.Module._extensions..js (internal/modules/cjs/loader.js:1092:10)\n    at Module.load (internal/modules/cjs/loader.js:928:32)\n    at Function.Module._load (internal/modules/cjs/loader.js:769:14)\n    at Module.require (internal/modules/cjs/loader.js:952:19)\n    at require (internal/modules/cjs/helpers.js:88:18)\n    at Object.<anonymous> (F:\\GradProject\\impl\\MyProject\\graduation_project\\server\\Routes\\Authentication.Route.js:8:37)\n    at Module._compile (internal/modules/cjs/loader.js:1063:30)\n    at Object.Module._extensions..js (internal/modules/cjs/loader.js:1092:10)\n    at Module.load (internal/modules/cjs/loader.js:928:32)\n    at Function.Module._load (internal/modules/cjs/loader.js:769:14)\n    at Module.require (internal/modules/cjs/loader.js:952:19)\n    at require (internal/modules/cjs/helpers.js:88:18)\n    at Object.<anonymous> (F:\\GradProject\\impl\\MyProject\\graduation_project\\server\\app.js:11:29)\n    at Module._compile (internal/modules/cjs/loader.js:1063:30)","exception":true,"date":"Fri Jun 04 2021 00:44:13 GMT+0300 (Eastern European Summer Time)","process":{"pid":13256,"uid":null,"gid":null,"cwd":"F:\\GradProject\\impl\\MyProject\\graduation_project\\server","execPath":"C:\\Program Files\\nodejs\\node.exe","version":"v14.15.1","argv":["C:\\Program Files\\nodejs\\node.exe","F:\\GradProject\\impl\\MyProject\\graduation_project\\server\\app.js"],"memoryUsage":{"rss":63344640,"heapTotal":36524032,"heapUsed":26004824,"external":20732905,"arrayBuffers":19152526}},"os":{"loadavg":[0,0,0],"uptime":1545832},"trace":[{"column":16,"file":"internal/modules/cjs/loader.js","function":"wrapSafe","line":979,"method":null,"native":false},{"column":27,"file":"internal/modules/cjs/loader.js","function":"Module._compile","line":1027,"method":"_compile","native":false},{"column":10,"file":"internal/modules/cjs/loader.js","function":"Module._extensions..js","line":1092,"method":".js","native":false},{"column":32,"file":"internal/modules/cjs/loader.js","function":"Module.load","line":928,"method":"load","native":false},{"column":14,"file":"internal/modules/cjs/loader.js","function":"Module._load","line":769,"method":"_load","native":false},{"column":19,"file":"internal/modules/cjs/loader.js","function":"Module.require","line":952,"method":"require","native":false},{"column":18,"file":"internal/modules/cjs/helpers.js","function":"require","line":88,"method":null,"native":false},{"column":37,"file":"F:\\GradProject\\impl\\MyProject\\graduation_project\\server\\Routes\\Authentication.Route.js","function":null,"line":8,"method":null,"native":false},{"column":30,"file":"internal/modules/cjs/loader.js","function":"Module._compile","line":1063,"method":"_compile","native":false},{"column":10,"file":"internal/modules/cjs/loader.js","function":"Module._extensions..js","line":1092,"method":".js","native":false},{"column":32,"file":"internal/modules/cjs/loader.js","function":"Module.load","line":928,"method":"load","native":false},{"column":14,"file":"internal/modules/cjs/loader.js","function":"Module._load","line":769,"method":"_load","native":false},{"column":19,"file":"internal/modules/cjs/loader.js","function":"Module.require","line":952,"method":"require","native":false},{"column":18,"file":"internal/modules/cjs/helpers.js","function":"require","line":88,"method":null,"native":false},{"column":29,"file":"F:\\GradProject\\impl\\MyProject\\graduation_project\\server\\app.js","function":null,"line":11,"method":null,"native":false},{"column":30,"file":"internal/modules/cjs/loader.js","function":"Module._compile","line":1063,"method":"_compile","native":false}]}
{"error":{},"level":"error","message":"uncaughtException: Unexpected identifier\nF:\\GradProject\\impl\\MyProject\\graduation_project\\server\\Validation\\User.Validation.js:46\n        code: LINK_NOT_FOUND,\n        ^^^^\n\nSyntaxError: Unexpected identifier\n    at wrapSafe (internal/modules/cjs/loader.js:979:16)\n    at Module._compile (internal/modules/cjs/loader.js:1027:27)\n    at Object.Module._extensions..js (internal/modules/cjs/loader.js:1092:10)\n    at Module.load (internal/modules/cjs/loader.js:928:32)\n    at Function.Module._load (internal/modules/cjs/loader.js:769:14)\n    at Module.require (internal/modules/cjs/loader.js:952:19)\n    at require (internal/modules/cjs/helpers.js:88:18)\n    at Object.<anonymous> (F:\\GradProject\\impl\\MyProject\\graduation_project\\server\\Routes\\Authentication.Route.js:8:37)\n    at Module._compile (internal/modules/cjs/loader.js:1063:30)\n    at Object.Module._extensions..js (internal/modules/cjs/loader.js:1092:10)\n    at Module.load (internal/modules/cjs/loader.js:928:32)\n    at Function.Module._load (internal/modules/cjs/loader.js:769:14)\n    at Module.require (internal/modules/cjs/loader.js:952:19)\n    at require (internal/modules/cjs/helpers.js:88:18)\n    at Object.<anonymous> (F:\\GradProject\\impl\\MyProject\\graduation_project\\server\\app.js:11:29)\n    at Module._compile (internal/modules/cjs/loader.js:1063:30)","stack":"F:\\GradProject\\impl\\MyProject\\graduation_project\\server\\Validation\\User.Validation.js:46\n        code: LINK_NOT_FOUND,\n        ^^^^\n\nSyntaxError: Unexpected identifier\n    at wrapSafe (internal/modules/cjs/loader.js:979:16)\n    at Module._compile (internal/modules/cjs/loader.js:1027:27)\n    at Object.Module._extensions..js (internal/modules/cjs/loader.js:1092:10)\n    at Module.load (internal/modules/cjs/loader.js:928:32)\n    at Function.Module._load (internal/modules/cjs/loader.js:769:14)\n    at Module.require (internal/modules/cjs/loader.js:952:19)\n    at require (internal/modules/cjs/helpers.js:88:18)\n    at Object.<anonymous> (F:\\GradProject\\impl\\MyProject\\graduation_project\\server\\Routes\\Authentication.Route.js:8:37)\n    at Module._compile (internal/modules/cjs/loader.js:1063:30)\n    at Object.Module._extensions..js (internal/modules/cjs/loader.js:1092:10)\n    at Module.load (internal/modules/cjs/loader.js:928:32)\n    at Function.Module._load (internal/modules/cjs/loader.js:769:14)\n    at Module.require (internal/modules/cjs/loader.js:952:19)\n    at require (internal/modules/cjs/helpers.js:88:18)\n    at Object.<anonymous> (F:\\GradProject\\impl\\MyProject\\graduation_project\\server\\app.js:11:29)\n    at Module._compile (internal/modules/cjs/loader.js:1063:30)","exception":true,"date":"Fri Jun 04 2021 00:45:16 GMT+0300 (Eastern European Summer Time)","process":{"pid":11888,"uid":null,"gid":null,"cwd":"F:\\GradProject\\impl\\MyProject\\graduation_project\\server","execPath":"C:\\Program Files\\nodejs\\node.exe","version":"v14.15.1","argv":["C:\\Program Files\\nodejs\\node.exe","F:\\GradProject\\impl\\MyProject\\graduation_project\\server\\app.js"],"memoryUsage":{"rss":63602688,"heapTotal":36524032,"heapUsed":25587864,"external":20694346,"arrayBuffers":19113967}},"os":{"loadavg":[0,0,0],"uptime":1545895},"trace":[{"column":16,"file":"internal/modules/cjs/loader.js","function":"wrapSafe","line":979,"method":null,"native":false},{"column":27,"file":"internal/modules/cjs/loader.js","function":"Module._compile","line":1027,"method":"_compile","native":false},{"column":10,"file":"internal/modules/cjs/loader.js","function":"Module._extensions..js","line":1092,"method":".js","native":false},{"column":32,"file":"internal/modules/cjs/loader.js","function":"Module.load","line":928,"method":"load","native":false},{"column":14,"file":"internal/modules/cjs/loader.js","function":"Module._load","line":769,"method":"_load","native":false},{"column":19,"file":"internal/modules/cjs/loader.js","function":"Module.require","line":952,"method":"require","native":false},{"column":18,"file":"internal/modules/cjs/helpers.js","function":"require","line":88,"method":null,"native":false},{"column":37,"file":"F:\\GradProject\\impl\\MyProject\\graduation_project\\server\\Routes\\Authentication.Route.js","function":null,"line":8,"method":null,"native":false},{"column":30,"file":"internal/modules/cjs/loader.js","function":"Module._compile","line":1063,"method":"_compile","native":false},{"column":10,"file":"internal/modules/cjs/loader.js","function":"Module._extensions..js","line":1092,"method":".js","native":false},{"column":32,"file":"internal/modules/cjs/loader.js","function":"Module.load","line":928,"method":"load","native":false},{"column":14,"file":"internal/modules/cjs/loader.js","function":"Module._load","line":769,"method":"_load","native":false},{"column":19,"file":"internal/modules/cjs/loader.js","function":"Module.require","line":952,"method":"require","native":false},{"column":18,"file":"internal/modules/cjs/helpers.js","function":"require","line":88,"method":null,"native":false},{"column":29,"file":"F:\\GradProject\\impl\\MyProject\\graduation_project\\server\\app.js","function":null,"line":11,"method":null,"native":false},{"column":30,"file":"internal/modules/cjs/loader.js","function":"Module._compile","line":1063,"method":"_compile","native":false}]}
{"message":"POST - /auth/signup - ::ffff:127.0.0.1 - {\"success\":false,\"error\":{\"status\":\"undefined\",\"code\":\"undefined\"}} ","level":"error"}
{"message":"POST - /auth/signup - ::ffff:127.0.0.1 - {\"success\":false,\"error\":{\"status\":\"400\",\"code\":\"11000\",\"elements\":[{\"param\":\"email\",\"msg\":\"email must be required\",\"location\":\"body\"},{\"param\":\"email\",\"msg\":\"email must be valid\",\"location\":\"body\"}]}} ","level":"error"}
{"message":"::ffff:127.0.0.1 - - [03/Jun/2021:21:51:55 +0000] \"POST /auth/signup HTTP/1.1\" 400 201 \"-\" \"vscode-restclient\"\n","level":"info"}
{"error":{},"level":"error","message":"uncaughtException: Route.post() requires a callback function but got a [object Undefined]\nError: Route.post() requires a callback function but got a [object Undefined]\n    at Route.<computed> [as post] (F:\\GradProject\\impl\\MyProject\\graduation_project\\server\\node_modules\\express\\lib\\router\\route.js:202:15)\n    at Function.proto.<computed> [as post] (F:\\GradProject\\impl\\MyProject\\graduation_project\\server\\node_modules\\express\\lib\\router\\index.js:510:19)\n    at Object.<anonymous> (F:\\GradProject\\impl\\MyProject\\graduation_project\\server\\Routes\\Authentication.Route.js:10:8)\n    at Module._compile (internal/modules/cjs/loader.js:1063:30)\n    at Object.Module._extensions..js (internal/modules/cjs/loader.js:1092:10)\n    at Module.load (internal/modules/cjs/loader.js:928:32)\n    at Function.Module._load (internal/modules/cjs/loader.js:769:14)\n    at Module.require (internal/modules/cjs/loader.js:952:19)\n    at require (internal/modules/cjs/helpers.js:88:18)\n    at Object.<anonymous> (F:\\GradProject\\impl\\MyProject\\graduation_project\\server\\app.js:11:29)\n    at Module._compile (internal/modules/cjs/loader.js:1063:30)\n    at Object.Module._extensions..js (internal/modules/cjs/loader.js:1092:10)\n    at Module.load (internal/modules/cjs/loader.js:928:32)\n    at Function.Module._load (internal/modules/cjs/loader.js:769:14)\n    at Function.executeUserEntryPoint [as runMain] (internal/modules/run_main.js:72:12)\n    at internal/main/run_main_module.js:17:47","stack":"Error: Route.post() requires a callback function but got a [object Undefined]\n    at Route.<computed> [as post] (F:\\GradProject\\impl\\MyProject\\graduation_project\\server\\node_modules\\express\\lib\\router\\route.js:202:15)\n    at Function.proto.<computed> [as post] (F:\\GradProject\\impl\\MyProject\\graduation_project\\server\\node_modules\\express\\lib\\router\\index.js:510:19)\n    at Object.<anonymous> (F:\\GradProject\\impl\\MyProject\\graduation_project\\server\\Routes\\Authentication.Route.js:10:8)\n    at Module._compile (internal/modules/cjs/loader.js:1063:30)\n    at Object.Module._extensions..js (internal/modules/cjs/loader.js:1092:10)\n    at Module.load (internal/modules/cjs/loader.js:928:32)\n    at Function.Module._load (internal/modules/cjs/loader.js:769:14)\n    at Module.require (internal/modules/cjs/loader.js:952:19)\n    at require (internal/modules/cjs/helpers.js:88:18)\n    at Object.<anonymous> (F:\\GradProject\\impl\\MyProject\\graduation_project\\server\\app.js:11:29)\n    at Module._compile (internal/modules/cjs/loader.js:1063:30)\n    at Object.Module._extensions..js (internal/modules/cjs/loader.js:1092:10)\n    at Module.load (internal/modules/cjs/loader.js:928:32)\n    at Function.Module._load (internal/modules/cjs/loader.js:769:14)\n    at Function.executeUserEntryPoint [as runMain] (internal/modules/run_main.js:72:12)\n    at internal/main/run_main_module.js:17:47","exception":true,"date":"Fri Jun 04 2021 11:26:23 GMT+0300 (Eastern European Summer Time)","process":{"pid":9860,"uid":null,"gid":null,"cwd":"F:\\GradProject\\impl\\MyProject\\graduation_project\\server","execPath":"C:\\Program Files\\nodejs\\node.exe","version":"v14.15.1","argv":["C:\\Program Files\\nodejs\\node.exe","F:\\GradProject\\impl\\MyProject\\graduation_project\\server\\app.js"],"memoryUsage":{"rss":66109440,"heapTotal":55418880,"heapUsed":28160840,"external":20131900,"arrayBuffers":18551521}},"os":{"loadavg":[0,0,0],"uptime":1584362},"trace":[{"column":15,"file":"F:\\GradProject\\impl\\MyProject\\graduation_project\\server\\node_modules\\express\\lib\\router\\route.js","function":"Route.<computed> [as post]","line":202,"method":"<computed> [as post]","native":false},{"column":19,"file":"F:\\GradProject\\impl\\MyProject\\graduation_project\\server\\node_modules\\express\\lib\\router\\index.js","function":"Function.proto.<computed> [as post]","line":510,"method":"<computed> [as post]","native":false},{"column":8,"file":"F:\\GradProject\\impl\\MyProject\\graduation_project\\server\\Routes\\Authentication.Route.js","function":null,"line":10,"method":null,"native":false},{"column":30,"file":"internal/modules/cjs/loader.js","function":"Module._compile","line":1063,"method":"_compile","native":false},{"column":10,"file":"internal/modules/cjs/loader.js","function":"Module._extensions..js","line":1092,"method":".js","native":false},{"column":32,"file":"internal/modules/cjs/loader.js","function":"Module.load","line":928,"method":"load","native":false},{"column":14,"file":"internal/modules/cjs/loader.js","function":"Module._load","line":769,"method":"_load","native":false},{"column":19,"file":"internal/modules/cjs/loader.js","function":"Module.require","line":952,"method":"require","native":false},{"column":18,"file":"internal/modules/cjs/helpers.js","function":"require","line":88,"method":null,"native":false},{"column":29,"file":"F:\\GradProject\\impl\\MyProject\\graduation_project\\server\\app.js","function":null,"line":11,"method":null,"native":false},{"column":30,"file":"internal/modules/cjs/loader.js","function":"Module._compile","line":1063,"method":"_compile","native":false},{"column":10,"file":"internal/modules/cjs/loader.js","function":"Module._extensions..js","line":1092,"method":".js","native":false},{"column":32,"file":"internal/modules/cjs/loader.js","function":"Module.load","line":928,"method":"load","native":false},{"column":14,"file":"internal/modules/cjs/loader.js","function":"Module._load","line":769,"method":"_load","native":false},{"column":12,"file":"internal/modules/run_main.js","function":"Function.executeUserEntryPoint [as runMain]","line":72,"method":"executeUserEntryPoint [as runMain]","native":false},{"column":47,"file":"internal/main/run_main_module.js","function":null,"line":17,"method":null,"native":false}]}
{"error":{},"level":"error","message":"uncaughtException: Route.post() requires a callback function but got a [object Undefined]\nError: Route.post() requires a callback function but got a [object Undefined]\n    at Route.<computed> [as post] (F:\\GradProject\\impl\\MyProject\\graduation_project\\server\\node_modules\\express\\lib\\router\\route.js:202:15)\n    at Function.proto.<computed> [as post] (F:\\GradProject\\impl\\MyProject\\graduation_project\\server\\node_modules\\express\\lib\\router\\index.js:510:19)\n    at Object.<anonymous> (F:\\GradProject\\impl\\MyProject\\graduation_project\\server\\Routes\\Authentication.Route.js:11:8)\n    at Module._compile (internal/modules/cjs/loader.js:1063:30)\n    at Object.Module._extensions..js (internal/modules/cjs/loader.js:1092:10)\n    at Module.load (internal/modules/cjs/loader.js:928:32)\n    at Function.Module._load (internal/modules/cjs/loader.js:769:14)\n    at Module.require (internal/modules/cjs/loader.js:952:19)\n    at require (internal/modules/cjs/helpers.js:88:18)\n    at Object.<anonymous> (F:\\GradProject\\impl\\MyProject\\graduation_project\\server\\app.js:11:29)\n    at Module._compile (internal/modules/cjs/loader.js:1063:30)\n    at Object.Module._extensions..js (internal/modules/cjs/loader.js:1092:10)\n    at Module.load (internal/modules/cjs/loader.js:928:32)\n    at Function.Module._load (internal/modules/cjs/loader.js:769:14)\n    at Function.executeUserEntryPoint [as runMain] (internal/modules/run_main.js:72:12)\n    at internal/main/run_main_module.js:17:47","stack":"Error: Route.post() requires a callback function but got a [object Undefined]\n    at Route.<computed> [as post] (F:\\GradProject\\impl\\MyProject\\graduation_project\\server\\node_modules\\express\\lib\\router\\route.js:202:15)\n    at Function.proto.<computed> [as post] (F:\\GradProject\\impl\\MyProject\\graduation_project\\server\\node_modules\\express\\lib\\router\\index.js:510:19)\n    at Object.<anonymous> (F:\\GradProject\\impl\\MyProject\\graduation_project\\server\\Routes\\Authentication.Route.js:11:8)\n    at Module._compile (internal/modules/cjs/loader.js:1063:30)\n    at Object.Module._extensions..js (internal/modules/cjs/loader.js:1092:10)\n    at Module.load (internal/modules/cjs/loader.js:928:32)\n    at Function.Module._load (internal/modules/cjs/loader.js:769:14)\n    at Module.require (internal/modules/cjs/loader.js:952:19)\n    at require (internal/modules/cjs/helpers.js:88:18)\n    at Object.<anonymous> (F:\\GradProject\\impl\\MyProject\\graduation_project\\server\\app.js:11:29)\n    at Module._compile (internal/modules/cjs/loader.js:1063:30)\n    at Object.Module._extensions..js (internal/modules/cjs/loader.js:1092:10)\n    at Module.load (internal/modules/cjs/loader.js:928:32)\n    at Function.Module._load (internal/modules/cjs/loader.js:769:14)\n    at Function.executeUserEntryPoint [as runMain] (internal/modules/run_main.js:72:12)\n    at internal/main/run_main_module.js:17:47","exception":true,"date":"Fri Jun 04 2021 11:26:45 GMT+0300 (Eastern European Summer Time)","process":{"pid":3528,"uid":null,"gid":null,"cwd":"F:\\GradProject\\impl\\MyProject\\graduation_project\\server","execPath":"C:\\Program Files\\nodejs\\node.exe","version":"v14.15.1","argv":["C:\\Program Files\\nodejs\\node.exe","F:\\GradProject\\impl\\MyProject\\graduation_project\\server\\app.js"],"memoryUsage":{"rss":65892352,"heapTotal":55418880,"heapUsed":28153512,"external":20148284,"arrayBuffers":18567905}},"os":{"loadavg":[0,0,0],"uptime":1584384},"trace":[{"column":15,"file":"F:\\GradProject\\impl\\MyProject\\graduation_project\\server\\node_modules\\express\\lib\\router\\route.js","function":"Route.<computed> [as post]","line":202,"method":"<computed> [as post]","native":false},{"column":19,"file":"F:\\GradProject\\impl\\MyProject\\graduation_project\\server\\node_modules\\express\\lib\\router\\index.js","function":"Function.proto.<computed> [as post]","line":510,"method":"<computed> [as post]","native":false},{"column":8,"file":"F:\\GradProject\\impl\\MyProject\\graduation_project\\server\\Routes\\Authentication.Route.js","function":null,"line":11,"method":null,"native":false},{"column":30,"file":"internal/modules/cjs/loader.js","function":"Module._compile","line":1063,"method":"_compile","native":false},{"column":10,"file":"internal/modules/cjs/loader.js","function":"Module._extensions..js","line":1092,"method":".js","native":false},{"column":32,"file":"internal/modules/cjs/loader.js","function":"Module.load","line":928,"method":"load","native":false},{"column":14,"file":"internal/modules/cjs/loader.js","function":"Module._load","line":769,"method":"_load","native":false},{"column":19,"file":"internal/modules/cjs/loader.js","function":"Module.require","line":952,"method":"require","native":false},{"column":18,"file":"internal/modules/cjs/helpers.js","function":"require","line":88,"method":null,"native":false},{"column":29,"file":"F:\\GradProject\\impl\\MyProject\\graduation_project\\server\\app.js","function":null,"line":11,"method":null,"native":false},{"column":30,"file":"internal/modules/cjs/loader.js","function":"Module._compile","line":1063,"method":"_compile","native":false},{"column":10,"file":"internal/modules/cjs/loader.js","function":"Module._extensions..js","line":1092,"method":".js","native":false},{"column":32,"file":"internal/modules/cjs/loader.js","function":"Module.load","line":928,"method":"load","native":false},{"column":14,"file":"internal/modules/cjs/loader.js","function":"Module._load","line":769,"method":"_load","native":false},{"column":12,"file":"internal/modules/run_main.js","function":"Function.executeUserEntryPoint [as runMain]","line":72,"method":"executeUserEntryPoint [as runMain]","native":false},{"column":47,"file":"internal/main/run_main_module.js","function":null,"line":17,"method":null,"native":false}]}
{"error":{},"level":"error","message":"uncaughtException: Route.post() requires a callback function but got a [object Undefined]\nError: Route.post() requires a callback function but got a [object Undefined]\n    at Route.<computed> [as post] (F:\\GradProject\\impl\\MyProject\\graduation_project\\server\\node_modules\\express\\lib\\router\\route.js:202:15)\n    at Function.proto.<computed> [as post] (F:\\GradProject\\impl\\MyProject\\graduation_project\\server\\node_modules\\express\\lib\\router\\index.js:510:19)\n    at Object.<anonymous> (F:\\GradProject\\impl\\MyProject\\graduation_project\\server\\Routes\\Authentication.Route.js:11:8)\n    at Module._compile (internal/modules/cjs/loader.js:1063:30)\n    at Object.Module._extensions..js (internal/modules/cjs/loader.js:1092:10)\n    at Module.load (internal/modules/cjs/loader.js:928:32)\n    at Function.Module._load (internal/modules/cjs/loader.js:769:14)\n    at Module.require (internal/modules/cjs/loader.js:952:19)\n    at require (internal/modules/cjs/helpers.js:88:18)\n    at Object.<anonymous> (F:\\GradProject\\impl\\MyProject\\graduation_project\\server\\app.js:11:29)\n    at Module._compile (internal/modules/cjs/loader.js:1063:30)\n    at Object.Module._extensions..js (internal/modules/cjs/loader.js:1092:10)\n    at Module.load (internal/modules/cjs/loader.js:928:32)\n    at Function.Module._load (internal/modules/cjs/loader.js:769:14)\n    at Function.executeUserEntryPoint [as runMain] (internal/modules/run_main.js:72:12)\n    at internal/main/run_main_module.js:17:47","stack":"Error: Route.post() requires a callback function but got a [object Undefined]\n    at Route.<computed> [as post] (F:\\GradProject\\impl\\MyProject\\graduation_project\\server\\node_modules\\express\\lib\\router\\route.js:202:15)\n    at Function.proto.<computed> [as post] (F:\\GradProject\\impl\\MyProject\\graduation_project\\server\\node_modules\\express\\lib\\router\\index.js:510:19)\n    at Object.<anonymous> (F:\\GradProject\\impl\\MyProject\\graduation_project\\server\\Routes\\Authentication.Route.js:11:8)\n    at Module._compile (internal/modules/cjs/loader.js:1063:30)\n    at Object.Module._extensions..js (internal/modules/cjs/loader.js:1092:10)\n    at Module.load (internal/modules/cjs/loader.js:928:32)\n    at Function.Module._load (internal/modules/cjs/loader.js:769:14)\n    at Module.require (internal/modules/cjs/loader.js:952:19)\n    at require (internal/modules/cjs/helpers.js:88:18)\n    at Object.<anonymous> (F:\\GradProject\\impl\\MyProject\\graduation_project\\server\\app.js:11:29)\n    at Module._compile (internal/modules/cjs/loader.js:1063:30)\n    at Object.Module._extensions..js (internal/modules/cjs/loader.js:1092:10)\n    at Module.load (internal/modules/cjs/loader.js:928:32)\n    at Function.Module._load (internal/modules/cjs/loader.js:769:14)\n    at Function.executeUserEntryPoint [as runMain] (internal/modules/run_main.js:72:12)\n    at internal/main/run_main_module.js:17:47","exception":true,"date":"Fri Jun 04 2021 11:29:07 GMT+0300 (Eastern European Summer Time)","process":{"pid":10120,"uid":null,"gid":null,"cwd":"F:\\GradProject\\impl\\MyProject\\graduation_project\\server","execPath":"C:\\Program Files\\nodejs\\node.exe","version":"v14.15.1","argv":["C:\\Program Files\\nodejs\\node.exe","F:\\GradProject\\impl\\MyProject\\graduation_project\\server\\app.js"],"memoryUsage":{"rss":64409600,"heapTotal":56725504,"heapUsed":22851616,"external":20039094,"arrayBuffers":18458715}},"os":{"loadavg":[0,0,0],"uptime":1584526},"trace":[{"column":15,"file":"F:\\GradProject\\impl\\MyProject\\graduation_project\\server\\node_modules\\express\\lib\\router\\route.js","function":"Route.<computed> [as post]","line":202,"method":"<computed> [as post]","native":false},{"column":19,"file":"F:\\GradProject\\impl\\MyProject\\graduation_project\\server\\node_modules\\express\\lib\\router\\index.js","function":"Function.proto.<computed> [as post]","line":510,"method":"<computed> [as post]","native":false},{"column":8,"file":"F:\\GradProject\\impl\\MyProject\\graduation_project\\server\\Routes\\Authentication.Route.js","function":null,"line":11,"method":null,"native":false},{"column":30,"file":"internal/modules/cjs/loader.js","function":"Module._compile","line":1063,"method":"_compile","native":false},{"column":10,"file":"internal/modules/cjs/loader.js","function":"Module._extensions..js","line":1092,"method":".js","native":false},{"column":32,"file":"internal/modules/cjs/loader.js","function":"Module.load","line":928,"method":"load","native":false},{"column":14,"file":"internal/modules/cjs/loader.js","function":"Module._load","line":769,"method":"_load","native":false},{"column":19,"file":"internal/modules/cjs/loader.js","function":"Module.require","line":952,"method":"require","native":false},{"column":18,"file":"internal/modules/cjs/helpers.js","function":"require","line":88,"method":null,"native":false},{"column":29,"file":"F:\\GradProject\\impl\\MyProject\\graduation_project\\server\\app.js","function":null,"line":11,"method":null,"native":false},{"column":30,"file":"internal/modules/cjs/loader.js","function":"Module._compile","line":1063,"method":"_compile","native":false},{"column":10,"file":"internal/modules/cjs/loader.js","function":"Module._extensions..js","line":1092,"method":".js","native":false},{"column":32,"file":"internal/modules/cjs/loader.js","function":"Module.load","line":928,"method":"load","native":false},{"column":14,"file":"internal/modules/cjs/loader.js","function":"Module._load","line":769,"method":"_load","native":false},{"column":12,"file":"internal/modules/run_main.js","function":"Function.executeUserEntryPoint [as runMain]","line":72,"method":"executeUserEntryPoint [as runMain]","native":false},{"column":47,"file":"internal/main/run_main_module.js","function":null,"line":17,"method":null,"native":false}]}
{"error":{},"level":"error","message":"uncaughtException: Route.post() requires a callback function but got a [object Undefined]\nError: Route.post() requires a callback function but got a [object Undefined]\n    at Route.<computed> [as post] (F:\\GradProject\\impl\\MyProject\\graduation_project\\server\\node_modules\\express\\lib\\router\\route.js:202:15)\n    at Function.proto.<computed> [as post] (F:\\GradProject\\impl\\MyProject\\graduation_project\\server\\node_modules\\express\\lib\\router\\index.js:510:19)\n    at Object.<anonymous> (F:\\GradProject\\impl\\MyProject\\graduation_project\\server\\Routes\\Authentication.Route.js:11:8)\n    at Module._compile (internal/modules/cjs/loader.js:1063:30)\n    at Object.Module._extensions..js (internal/modules/cjs/loader.js:1092:10)\n    at Module.load (internal/modules/cjs/loader.js:928:32)\n    at Function.Module._load (internal/modules/cjs/loader.js:769:14)\n    at Module.require (internal/modules/cjs/loader.js:952:19)\n    at require (internal/modules/cjs/helpers.js:88:18)\n    at Object.<anonymous> (F:\\GradProject\\impl\\MyProject\\graduation_project\\server\\app.js:11:29)\n    at Module._compile (internal/modules/cjs/loader.js:1063:30)\n    at Object.Module._extensions..js (internal/modules/cjs/loader.js:1092:10)\n    at Module.load (internal/modules/cjs/loader.js:928:32)\n    at Function.Module._load (internal/modules/cjs/loader.js:769:14)\n    at Function.executeUserEntryPoint [as runMain] (internal/modules/run_main.js:72:12)\n    at internal/main/run_main_module.js:17:47","stack":"Error: Route.post() requires a callback function but got a [object Undefined]\n    at Route.<computed> [as post] (F:\\GradProject\\impl\\MyProject\\graduation_project\\server\\node_modules\\express\\lib\\router\\route.js:202:15)\n    at Function.proto.<computed> [as post] (F:\\GradProject\\impl\\MyProject\\graduation_project\\server\\node_modules\\express\\lib\\router\\index.js:510:19)\n    at Object.<anonymous> (F:\\GradProject\\impl\\MyProject\\graduation_project\\server\\Routes\\Authentication.Route.js:11:8)\n    at Module._compile (internal/modules/cjs/loader.js:1063:30)\n    at Object.Module._extensions..js (internal/modules/cjs/loader.js:1092:10)\n    at Module.load (internal/modules/cjs/loader.js:928:32)\n    at Function.Module._load (internal/modules/cjs/loader.js:769:14)\n    at Module.require (internal/modules/cjs/loader.js:952:19)\n    at require (internal/modules/cjs/helpers.js:88:18)\n    at Object.<anonymous> (F:\\GradProject\\impl\\MyProject\\graduation_project\\server\\app.js:11:29)\n    at Module._compile (internal/modules/cjs/loader.js:1063:30)\n    at Object.Module._extensions..js (internal/modules/cjs/loader.js:1092:10)\n    at Module.load (internal/modules/cjs/loader.js:928:32)\n    at Function.Module._load (internal/modules/cjs/loader.js:769:14)\n    at Function.executeUserEntryPoint [as runMain] (internal/modules/run_main.js:72:12)\n    at internal/main/run_main_module.js:17:47","exception":true,"date":"Fri Jun 04 2021 11:31:03 GMT+0300 (Eastern European Summer Time)","process":{"pid":4164,"uid":null,"gid":null,"cwd":"F:\\GradProject\\impl\\MyProject\\graduation_project\\server","execPath":"C:\\Program Files\\nodejs\\node.exe","version":"v14.15.1","argv":["C:\\Program Files\\nodejs\\node.exe","F:\\GradProject\\impl\\MyProject\\graduation_project\\server\\app.js"],"memoryUsage":{"rss":66347008,"heapTotal":55681024,"heapUsed":28309784,"external":20140092,"arrayBuffers":18559713}},"os":{"loadavg":[0,0,0],"uptime":1584642},"trace":[{"column":15,"file":"F:\\GradProject\\impl\\MyProject\\graduation_project\\server\\node_modules\\express\\lib\\router\\route.js","function":"Route.<computed> [as post]","line":202,"method":"<computed> [as post]","native":false},{"column":19,"file":"F:\\GradProject\\impl\\MyProject\\graduation_project\\server\\node_modules\\express\\lib\\router\\index.js","function":"Function.proto.<computed> [as post]","line":510,"method":"<computed> [as post]","native":false},{"column":8,"file":"F:\\GradProject\\impl\\MyProject\\graduation_project\\server\\Routes\\Authentication.Route.js","function":null,"line":11,"method":null,"native":false},{"column":30,"file":"internal/modules/cjs/loader.js","function":"Module._compile","line":1063,"method":"_compile","native":false},{"column":10,"file":"internal/modules/cjs/loader.js","function":"Module._extensions..js","line":1092,"method":".js","native":false},{"column":32,"file":"internal/modules/cjs/loader.js","function":"Module.load","line":928,"method":"load","native":false},{"column":14,"file":"internal/modules/cjs/loader.js","function":"Module._load","line":769,"method":"_load","native":false},{"column":19,"file":"internal/modules/cjs/loader.js","function":"Module.require","line":952,"method":"require","native":false},{"column":18,"file":"internal/modules/cjs/helpers.js","function":"require","line":88,"method":null,"native":false},{"column":29,"file":"F:\\GradProject\\impl\\MyProject\\graduation_project\\server\\app.js","function":null,"line":11,"method":null,"native":false},{"column":30,"file":"internal/modules/cjs/loader.js","function":"Module._compile","line":1063,"method":"_compile","native":false},{"column":10,"file":"internal/modules/cjs/loader.js","function":"Module._extensions..js","line":1092,"method":".js","native":false},{"column":32,"file":"internal/modules/cjs/loader.js","function":"Module.load","line":928,"method":"load","native":false},{"column":14,"file":"internal/modules/cjs/loader.js","function":"Module._load","line":769,"method":"_load","native":false},{"column":12,"file":"internal/modules/run_main.js","function":"Function.executeUserEntryPoint [as runMain]","line":72,"method":"executeUserEntryPoint [as runMain]","native":false},{"column":47,"file":"internal/main/run_main_module.js","function":null,"line":17,"method":null,"native":false}]}
{"error":{},"level":"error","message":"uncaughtException: Route.post() requires a callback function but got a [object Undefined]\nError: Route.post() requires a callback function but got a [object Undefined]\n    at Route.<computed> [as post] (F:\\GradProject\\impl\\MyProject\\graduation_project\\server\\node_modules\\express\\lib\\router\\route.js:202:15)\n    at Function.proto.<computed> [as post] (F:\\GradProject\\impl\\MyProject\\graduation_project\\server\\node_modules\\express\\lib\\router\\index.js:510:19)\n    at Object.<anonymous> (F:\\GradProject\\impl\\MyProject\\graduation_project\\server\\Routes\\Authentication.Route.js:11:8)\n    at Module._compile (internal/modules/cjs/loader.js:1063:30)\n    at Object.Module._extensions..js (internal/modules/cjs/loader.js:1092:10)\n    at Module.load (internal/modules/cjs/loader.js:928:32)\n    at Function.Module._load (internal/modules/cjs/loader.js:769:14)\n    at Module.require (internal/modules/cjs/loader.js:952:19)\n    at require (internal/modules/cjs/helpers.js:88:18)\n    at Object.<anonymous> (F:\\GradProject\\impl\\MyProject\\graduation_project\\server\\app.js:11:29)\n    at Module._compile (internal/modules/cjs/loader.js:1063:30)\n    at Object.Module._extensions..js (internal/modules/cjs/loader.js:1092:10)\n    at Module.load (internal/modules/cjs/loader.js:928:32)\n    at Function.Module._load (internal/modules/cjs/loader.js:769:14)\n    at Function.executeUserEntryPoint [as runMain] (internal/modules/run_main.js:72:12)\n    at internal/main/run_main_module.js:17:47","stack":"Error: Route.post() requires a callback function but got a [object Undefined]\n    at Route.<computed> [as post] (F:\\GradProject\\impl\\MyProject\\graduation_project\\server\\node_modules\\express\\lib\\router\\route.js:202:15)\n    at Function.proto.<computed> [as post] (F:\\GradProject\\impl\\MyProject\\graduation_project\\server\\node_modules\\express\\lib\\router\\index.js:510:19)\n    at Object.<anonymous> (F:\\GradProject\\impl\\MyProject\\graduation_project\\server\\Routes\\Authentication.Route.js:11:8)\n    at Module._compile (internal/modules/cjs/loader.js:1063:30)\n    at Object.Module._extensions..js (internal/modules/cjs/loader.js:1092:10)\n    at Module.load (internal/modules/cjs/loader.js:928:32)\n    at Function.Module._load (internal/modules/cjs/loader.js:769:14)\n    at Module.require (internal/modules/cjs/loader.js:952:19)\n    at require (internal/modules/cjs/helpers.js:88:18)\n    at Object.<anonymous> (F:\\GradProject\\impl\\MyProject\\graduation_project\\server\\app.js:11:29)\n    at Module._compile (internal/modules/cjs/loader.js:1063:30)\n    at Object.Module._extensions..js (internal/modules/cjs/loader.js:1092:10)\n    at Module.load (internal/modules/cjs/loader.js:928:32)\n    at Function.Module._load (internal/modules/cjs/loader.js:769:14)\n    at Function.executeUserEntryPoint [as runMain] (internal/modules/run_main.js:72:12)\n    at internal/main/run_main_module.js:17:47","exception":true,"date":"Fri Jun 04 2021 11:31:30 GMT+0300 (Eastern European Summer Time)","process":{"pid":10692,"uid":null,"gid":null,"cwd":"F:\\GradProject\\impl\\MyProject\\graduation_project\\server","execPath":"C:\\Program Files\\nodejs\\node.exe","version":"v14.15.1","argv":["C:\\Program Files\\nodejs\\node.exe","F:\\GradProject\\impl\\MyProject\\graduation_project\\server\\app.js"],"memoryUsage":{"rss":66158592,"heapTotal":55418880,"heapUsed":28248600,"external":20148284,"arrayBuffers":18567905}},"os":{"loadavg":[0,0,0],"uptime":1584669},"trace":[{"column":15,"file":"F:\\GradProject\\impl\\MyProject\\graduation_project\\server\\node_modules\\express\\lib\\router\\route.js","function":"Route.<computed> [as post]","line":202,"method":"<computed> [as post]","native":false},{"column":19,"file":"F:\\GradProject\\impl\\MyProject\\graduation_project\\server\\node_modules\\express\\lib\\router\\index.js","function":"Function.proto.<computed> [as post]","line":510,"method":"<computed> [as post]","native":false},{"column":8,"file":"F:\\GradProject\\impl\\MyProject\\graduation_project\\server\\Routes\\Authentication.Route.js","function":null,"line":11,"method":null,"native":false},{"column":30,"file":"internal/modules/cjs/loader.js","function":"Module._compile","line":1063,"method":"_compile","native":false},{"column":10,"file":"internal/modules/cjs/loader.js","function":"Module._extensions..js","line":1092,"method":".js","native":false},{"column":32,"file":"internal/modules/cjs/loader.js","function":"Module.load","line":928,"method":"load","native":false},{"column":14,"file":"internal/modules/cjs/loader.js","function":"Module._load","line":769,"method":"_load","native":false},{"column":19,"file":"internal/modules/cjs/loader.js","function":"Module.require","line":952,"method":"require","native":false},{"column":18,"file":"internal/modules/cjs/helpers.js","function":"require","line":88,"method":null,"native":false},{"column":29,"file":"F:\\GradProject\\impl\\MyProject\\graduation_project\\server\\app.js","function":null,"line":11,"method":null,"native":false},{"column":30,"file":"internal/modules/cjs/loader.js","function":"Module._compile","line":1063,"method":"_compile","native":false},{"column":10,"file":"internal/modules/cjs/loader.js","function":"Module._extensions..js","line":1092,"method":".js","native":false},{"column":32,"file":"internal/modules/cjs/loader.js","function":"Module.load","line":928,"method":"load","native":false},{"column":14,"file":"internal/modules/cjs/loader.js","function":"Module._load","line":769,"method":"_load","native":false},{"column":12,"file":"internal/modules/run_main.js","function":"Function.executeUserEntryPoint [as runMain]","line":72,"method":"executeUserEntryPoint [as runMain]","native":false},{"column":47,"file":"internal/main/run_main_module.js","function":null,"line":17,"method":null,"native":false}]}
